<?xml version="1.0" encoding="UTF-8"?>
<!-- Generated by org.testng.reporters.JUnitReportReporter -->
<testsuite hostname="Avinashs-Air.bbrouter" failures="0" tests="1" name="seleniumprograms.GetTitle" time="12.303" errors="0" timestamp="2023-11-16T07:49:22 IST" skipped="0">
  <testcase classname="seleniumprograms.GetTitle" name="helloWorldChrome" time="12.303"/>
  <system-out/>
</testsuite> <!-- seleniumprograms.GetTitle -->
