<?xml version="1.0" encoding="UTF-8"?>
<!-- Generated by org.testng.reporters.JUnitReportReporter -->
<testsuite hostname="Avinashs-Air.bbrouter" failures="0" tests="1" name="seleniumprograms.HandleDropdown" time="9.969" errors="0" timestamp="2023-11-11T07:09:25 IST" skipped="0">
  <testcase classname="seleniumprograms.HandleDropdown" name="dropdown" time="9.969"/>
  <system-out/>
</testsuite> <!-- seleniumprograms.HandleDropdown -->
